[    0.000000] Linux version 4.15.0-91-generic (buildd@lgw01-amd64-013) (gcc version 7.4.0 (Ubuntu 7.4.0-1ubuntu1~18.04.1)) #92-Ubuntu SMP Fri Feb 28 11:09:48 UTC 2020 (Ubuntu 4.15.0-91.92-generic 4.15.18)
[    0.000000] Command line: BOOT_IMAGE=/boot/vmlinuz-4.15.0-91-generic root=LABEL=cloudimg-rootfs ro console=tty1 console=ttyS0
[    0.000000] KERNEL supported cpus:
[    0.000000]   Intel GenuineIntel
[    0.000000]   AMD AuthenticAMD
[    0.000000]   Centaur CentaurHauls
[    0.000000] x86/fpu: Supporting XSAVE feature 0x001: 'x87 floating point registers'
[    0.000000] x86/fpu: Supporting XSAVE feature 0x002: 'SSE registers'
[    0.000000] x86/fpu: Supporting XSAVE feature 0x004: 'AVX registers'
[    0.000000] x86/fpu: xstate_offset[2]:  576, xstate_sizes[2]:  256
[    0.000000] x86/fpu: Enabled xstate features 0x7, context size is 832 bytes, using 'standard' format.
[    0.000000] e820: BIOS-provided physical RAM map:
[    0.000000] BIOS-e820: [mem 0x0000000000000000-0x000000000009fbff] usable
[    0.000000] BIOS-e820: [mem 0x000000000009fc00-0x000000000009ffff] reserved
[    0.000000] BIOS-e820: [mem 0x00000000000f0000-0x00000000000fffff] reserved
[    0.000000] BIOS-e820: [mem 0x0000000000100000-0x000000003ffeffff] usable
[    0.000000] BIOS-e820: [mem 0x000000003fff0000-0x000000003fffffff] ACPI data
[    0.000000] BIOS-e820: [mem 0x00000000fec00000-0x00000000fec00fff] reserved
[    0.000000] BIOS-e820: [mem 0x00000000fee00000-0x00000000fee00fff] reserved
[    0.000000] BIOS-e820: [mem 0x00000000fffc0000-0x00000000ffffffff] reserved
[    0.000000] NX (Execute Disable) protection: active
[    0.000000] SMBIOS 2.5 present.
[    0.000000] DMI: innotek GmbH VirtualBox/VirtualBox, BIOS VirtualBox 12/01/2006
[    0.000000] Hypervisor detected: KVM
[    0.000000] e820: last_pfn = 0x3fff0 max_arch_pfn = 0x400000000
[    0.000000] MTRR: Disabled
[    0.000000] x86/PAT: MTRRs disabled, skipping PAT initialization too.
[    0.000000] CPU MTRRs all blank - virtualized system.
[    0.000000] x86/PAT: Configuration [0-7]: WB  WT  UC- UC  WB  WT  UC- UC  
[    0.000000] found SMP MP-table at [mem 0x0009fff0-0x0009ffff]
[    0.000000] Scanning 1 areas for low memory corruption
[    0.000000] RAMDISK: [mem 0x35a6b000-0x36d2cfff]
[    0.000000] ACPI: Early table checksum verification disabled
[    0.000000] ACPI: RSDP 0x00000000000E0000 000024 (v02 VBOX  )
[    0.000000] ACPI: XSDT 0x000000003FFF0030 00003C (v01 VBOX   VBOXXSDT 00000001 ASL  00000061)
[    0.000000] ACPI: FACP 0x000000003FFF00F0 0000F4 (v04 VBOX   VBOXFACP 00000001 ASL  00000061)
[    0.000000] ACPI: DSDT 0x000000003FFF0470 002325 (v02 VBOX   VBOXBIOS 00000002 INTL 20100528)
[    0.000000] ACPI: FACS 0x000000003FFF0200 000040
[    0.000000] ACPI: FACS 0x000000003FFF0200 000040
[    0.000000] ACPI: APIC 0x000000003FFF0240 00005C (v02 VBOX   VBOXAPIC 00000001 ASL  00000061)
[    0.000000] ACPI: SSDT 0x000000003FFF02A0 0001CC (v01 VBOX   VBOXCPUT 00000002 INTL 20100528)
[    0.000000] No NUMA configuration found
[    0.000000] Faking a node at [mem 0x0000000000000000-0x000000003ffeffff]
[    0.000000] NODE_DATA(0) allocated [mem 0x3ffc5000-0x3ffeffff]
[    0.000000] kvm-clock: cpu 0, msr 0:3ff44001, primary cpu clock
[    0.000000] kvm-clock: Using msrs 4b564d01 and 4b564d00
[    0.000000] kvm-clock: using sched offset of 3737862979 cycles
[    0.000000] clocksource: kvm-clock: mask: 0xffffffffffffffff max_cycles: 0x1cd42e4dffb, max_idle_ns: 881590591483 ns
[    0.000000] Zone ranges:
[    0.000000]   DMA      [mem 0x0000000000001000-0x0000000000ffffff]
[    0.000000]   DMA32    [mem 0x0000000001000000-0x000000003ffeffff]
[    0.000000]   Normal   empty
[    0.000000]   Device   empty
[    0.000000] Movable zone start for each node
[    0.000000] Early memory node ranges
[    0.000000]   node   0: [mem 0x0000000000001000-0x000000000009efff]
[    0.000000]   node   0: [mem 0x0000000000100000-0x000000003ffeffff]
[    0.000000] Reserved but unavailable: 98 pages
[    0.000000] Initmem setup node 0 [mem 0x0000000000001000-0x000000003ffeffff]
[    0.000000] ACPI: PM-Timer IO Port: 0x4008
[    0.000000] IOAPIC[0]: apic_id 2, version 32, address 0xfec00000, GSI 0-23
[    0.000000] ACPI: INT_SRC_OVR (bus 0 bus_irq 0 global_irq 2 dfl dfl)
[    0.000000] ACPI: INT_SRC_OVR (bus 0 bus_irq 9 global_irq 9 low level)
[    0.000000] Using ACPI (MADT) for SMP configuration information
[    0.000000] smpboot: Allowing 2 CPUs, 0 hotplug CPUs
[    0.000000] PM: Registered nosave memory: [mem 0x00000000-0x00000fff]
[    0.000000] PM: Registered nosave memory: [mem 0x0009f000-0x0009ffff]
[    0.000000] PM: Registered nosave memory: [mem 0x000a0000-0x000effff]
[    0.000000] PM: Registered nosave memory: [mem 0x000f0000-0x000fffff]
[    0.000000] e820: [mem 0x40000000-0xfebfffff] available for PCI devices
[    0.000000] Booting paravirtualized kernel on KVM
[    0.000000] clocksource: refined-jiffies: mask: 0xffffffff max_cycles: 0xffffffff, max_idle_ns: 7645519600211568 ns
[    0.000000] random: get_random_bytes called from start_kernel+0x99/0x4fd with crng_init=0
[    0.000000] setup_percpu: NR_CPUS:8192 nr_cpumask_bits:2 nr_cpu_ids:2 nr_node_ids:1
[    0.000000] percpu: Embedded 45 pages/cpu s147456 r8192 d28672 u1048576
[    0.000000] PV qspinlock hash table entries: 256 (order: 0, 4096 bytes)
[    0.000000] Built 1 zonelists, mobility grouping on.  Total pages: 257913
[    0.000000] Policy zone: DMA32
[    0.000000] Kernel command line: BOOT_IMAGE=/boot/vmlinuz-4.15.0-91-generic root=LABEL=cloudimg-rootfs ro console=tty1 console=ttyS0
[    0.000000] Memory: 983060K/1048120K available (12300K kernel code, 2481K rwdata, 4264K rodata, 2432K init, 2712K bss, 65060K reserved, 0K cma-reserved)
[    0.000000] SLUB: HWalign=64, Order=0-3, MinObjects=0, CPUs=2, Nodes=1
[    0.000000] Kernel/User page tables isolation: enabled
[    0.000000] ftrace: allocating 39347 entries in 154 pages
[    0.004000] Hierarchical RCU implementation.
[    0.004000] 	RCU restricting CPUs from NR_CPUS=8192 to nr_cpu_ids=2.
[    0.004000] 	Tasks RCU enabled.
[    0.004000] RCU: Adjusting geometry for rcu_fanout_leaf=16, nr_cpu_ids=2
[    0.004000] NR_IRQS: 524544, nr_irqs: 440, preallocated irqs: 16
[    0.004000] Console: colour VGA+ 80x25
[    0.004000] console [tty1] enabled
[    0.004000] console [ttyS0] enabled
[    0.004000] ACPI: Core revision 20170831
[    0.004000] ACPI: 2 ACPI AML tables successfully acquired and loaded
[    0.004000] APIC: Switch to symmetric I/O mode setup
[    0.004000] x2apic enabled
[    0.004000] Switched APIC routing to physical x2apic.
[    0.004000] ..TIMER: vector=0x30 apic1=0 pin1=2 apic2=-1 pin2=-1
[    0.004004] tsc: Detected 2903.998 MHz processor
[    0.004890] Calibrating delay loop (skipped) preset value.. 5807.99 BogoMIPS (lpj=11615992)
[    0.006220] pid_max: default: 32768 minimum: 301
[    0.008030] Security Framework initialized
[    0.008831] Yama: becoming mindful.
[    0.009535] AppArmor: AppArmor initialized
[    0.011557] Dentry cache hash table entries: 131072 (order: 8, 1048576 bytes)
[    0.012051] Inode-cache hash table entries: 65536 (order: 7, 524288 bytes)
[    0.013378] Mount-cache hash table entries: 2048 (order: 2, 16384 bytes)
[    0.016004] Mountpoint-cache hash table entries: 2048 (order: 2, 16384 bytes)
[    0.017576] Last level iTLB entries: 4KB 64, 2MB 8, 4MB 8
[    0.018616] Last level dTLB entries: 4KB 64, 2MB 0, 4MB 0, 1GB 4
[    0.020002] Spectre V1 : Mitigation: usercopy/swapgs barriers and __user pointer sanitization
[    0.021603] Spectre V2 : Mitigation: Full generic retpoline
[    0.022663] Spectre V2 : Spectre v2 / SpectreRSB mitigation: Filling RSB on context switch
[    0.024001] Speculative Store Bypass: Vulnerable
[    0.024918] MDS: Mitigation: Clear CPU buffers
[    0.025912] Freeing SMP alternatives memory: 36K
[    0.137782] smpboot: CPU0: Intel(R) Core(TM) i7-6920HQ CPU @ 2.90GHz (family: 0x6, model: 0x5e, stepping: 0x3)
[    0.140000] Performance Events: unsupported p6 CPU model 94 no PMU driver, software events only.
[    0.140033] Hierarchical SRCU implementation.
[    0.141400] NMI watchdog: Perf event create on CPU 0 failed with -2
[    0.142580] NMI watchdog: Perf NMI watchdog permanently disabled
[    0.144038] smp: Bringing up secondary CPUs ...
[    0.144983] x86: Booting SMP configuration:
[    0.145798] .... node  #0, CPUs:      #1
[    0.004000] kvm-clock: cpu 1, msr 0:3ff44041, secondary cpu clock
[    0.148017] smp: Brought up 1 node, 2 CPUs
[    0.148804] smpboot: Max logical packages: 1
[    0.149630] smpboot: Total of 2 processors activated (11615.99 BogoMIPS)
[    0.152103] devtmpfs: initialized
[    0.152788] x86/mm: Memory block size: 128MB
[    0.153736] evm: security.selinux
[    0.156003] evm: security.SMACK64
[    0.156663] evm: security.SMACK64EXEC
[    0.157385] evm: security.SMACK64TRANSMUTE
[    0.158561] evm: security.SMACK64MMAP
[    0.159355] evm: security.apparmor
[    0.160002] evm: security.ima
[    0.160606] evm: security.capability
[    0.161336] clocksource: jiffies: mask: 0xffffffff max_cycles: 0xffffffff, max_idle_ns: 7645041785100000 ns
[    0.161844] futex hash table entries: 512 (order: 3, 32768 bytes)
[    0.165119] pinctrl core: initialized pinctrl subsystem
[    0.166246] RTC time: 11:29:17, date: 04/15/20
[    0.168148] NET: Registered protocol family 16
[    0.169091] audit: initializing netlink subsys (disabled)
[    0.170161] audit: type=2000 audit(1586950162.456:1): state=initialized audit_enabled=0 res=1
[    0.172017] cpuidle: using governor ladder
[    0.172827] cpuidle: using governor menu
[    0.173626] ACPI: bus type PCI registered
[    0.174432] acpiphp: ACPI Hot Plug PCI Controller Driver version: 0.5
[    0.175956] PCI: Using configuration type 1 for base access
[    0.177095] HugeTLB registered 2.00 MiB page size, pre-allocated 0 pages
[    0.180101] ACPI: Added _OSI(Module Device)
[    0.180933] ACPI: Added _OSI(Processor Device)
[    0.181828] ACPI: Added _OSI(3.0 _SCP Extensions)
[    0.182735] ACPI: Added _OSI(Processor Aggregator Device)
[    0.184004] ACPI: Added _OSI(Linux-Dell-Video)
[    0.184937] ACPI: Added _OSI(Linux-Lenovo-NV-HDMI-Audio)
[    0.185968] ACPI: Added _OSI(Linux-HPI-Hybrid-Graphics)
[    0.188106] ACPI: Executed 1 blocks of module-level executable AML code
[    0.192000] ACPI: Interpreter enabled
[    0.192011] ACPI: (supports S0 S5)
[    0.192728] ACPI: Using IOAPIC for interrupt routing
[    0.193991] PCI: Using host bridge windows from ACPI; if necessary, use "pci=nocrs" and report a bug
[    0.196191] ACPI: Enabled 2 GPEs in block 00 to 07
[    0.204528] ACPI: PCI Root Bridge [PCI0] (domain 0000 [bus 00-ff])
[    0.206490] acpi PNP0A03:00: _OSC: OS supports [ASPM ClockPM Segments MSI]
[    0.208000] acpi PNP0A03:00: _OSC: not requesting OS control; OS requires [ExtendedConfig ASPM ClockPM MSI]
[    0.208011] acpi PNP0A03:00: fail to add MMCONFIG information, can't access extended PCI configuration space under this bridge.
[    0.212347] PCI host bridge to bus 0000:00
[    0.213155] pci_bus 0000:00: root bus resource [io  0x0000-0x0cf7 window]
[    0.215086] pci_bus 0000:00: root bus resource [io  0x0d00-0xffff window]
[    0.216024] pci_bus 0000:00: root bus resource [mem 0x000a0000-0x000bffff window]
[    0.217541] pci_bus 0000:00: root bus resource [mem 0x40000000-0xfdffffff window]
[    0.218972] pci_bus 0000:00: root bus resource [bus 00-ff]
[    0.224460] pci 0000:00:01.1: legacy IDE quirk: reg 0x10: [io  0x01f0-0x01f7]
[    0.225934] pci 0000:00:01.1: legacy IDE quirk: reg 0x14: [io  0x03f6]
[    0.227175] pci 0000:00:01.1: legacy IDE quirk: reg 0x18: [io  0x0170-0x0177]
[    0.228002] pci 0000:00:01.1: legacy IDE quirk: reg 0x1c: [io  0x0376]
[    0.242883] pci 0000:00:07.0: quirk: [io  0x4000-0x403f] claimed by PIIX4 ACPI
[    0.244018] pci 0000:00:07.0: quirk: [io  0x4100-0x410f] claimed by PIIX4 SMB
[    0.254627] ACPI: PCI Interrupt Link [LNKA] (IRQs 5 9 10 *11)
[    0.256307] ACPI: PCI Interrupt Link [LNKB] (IRQs 5 9 *10 11)
[    0.257514] ACPI: PCI Interrupt Link [LNKC] (IRQs 5 *9 10 11)
[    0.260077] ACPI: PCI Interrupt Link [LNKD] (IRQs 5 9 10 *11)
[    0.261878] SCSI subsystem initialized
[    0.262802] pci 0000:00:02.0: vgaarb: setting as boot VGA device
[    0.262802] pci 0000:00:02.0: vgaarb: VGA device added: decodes=io+mem,owns=io+mem,locks=none
[    0.264012] pci 0000:00:02.0: vgaarb: bridge control possible
[    0.265098] vgaarb: loaded
[    0.265683] ACPI: bus type USB registered
[    0.268029] usbcore: registered new interface driver usbfs
[    0.269094] usbcore: registered new interface driver hub
[    0.270250] usbcore: registered new device driver usb
[    0.271265] EDAC MC: Ver: 3.0.0
[    0.272295] PCI: Using ACPI for IRQ routing
[    0.273260] NetLabel: Initializing
[    0.274370] NetLabel:  domain hash size = 128
[    0.275237] NetLabel:  protocols = UNLABELED CIPSOv4 CALIPSO
[    0.276021] NetLabel:  unlabeled traffic allowed by default
[    0.277105] clocksource: Switched to clocksource kvm-clock
[    0.288764] VFS: Disk quotas dquot_6.6.0
[    0.289972] VFS: Dquot-cache hash table entries: 512 (order 0, 4096 bytes)
[    0.291897] AppArmor: AppArmor Filesystem Enabled
[    0.292870] pnp: PnP ACPI init
[    0.294883] pnp: PnP ACPI: found 3 devices
[    0.304983] clocksource: acpi_pm: mask: 0xffffff max_cycles: 0xffffff, max_idle_ns: 2085701024 ns
[    0.306816] NET: Registered protocol family 2
[    0.307836] TCP established hash table entries: 8192 (order: 4, 65536 bytes)
[    0.309192] TCP bind hash table entries: 8192 (order: 5, 131072 bytes)
[    0.311666] TCP: Hash tables configured (established 8192 bind 8192)
[    0.313427] UDP hash table entries: 512 (order: 2, 16384 bytes)
[    0.314571] UDP-Lite hash table entries: 512 (order: 2, 16384 bytes)
[    0.316054] NET: Registered protocol family 1
[    0.316948] pci 0000:00:00.0: Limiting direct PCI/PCI transfers
[    0.318098] pci 0000:00:01.0: Activating ISA DMA hang workarounds
[    0.319326] pci 0000:00:02.0: Video device with shadowed ROM at [mem 0x000c0000-0x000dffff]
[    0.321057] Unpacking initramfs...
[    0.605496] Freeing initrd memory: 19208K
[    0.606797] clocksource: tsc: mask: 0xffffffffffffffff max_cycles: 0x29dc03c1beb, max_idle_ns: 440795205215 ns
[    0.608887] platform rtc_cmos: registered platform RTC device (no PNP device found)
[    0.610724] Scanning for low memory corruption every 60 seconds
[    0.612584] Initialise system trusted keyrings
[    0.613922] Key type blacklist registered
[    0.615042] workingset: timestamp_bits=36 max_order=18 bucket_order=0
[    0.617260] zbud: loaded
[    0.618401] squashfs: version 4.0 (2009/01/31) Phillip Lougher
[    0.620320] fuse init (API version 7.26)
[    0.623256] Key type asymmetric registered
[    0.624065] Asymmetric key parser 'x509' registered
[    0.625063] Block layer SCSI generic (bsg) driver version 0.4 loaded (major 246)
[    0.626950] io scheduler noop registered
[    0.627725] io scheduler deadline registered
[    0.628809] io scheduler cfq registered (default)
[    0.630451] ACPI: AC Adapter [AC] (on-line)
[    0.631658] input: Power Button as /devices/LNXSYSTM:00/LNXPWRBN:00/input/input0
[    0.633755] ACPI: Power Button [PWRF]
[    0.634599] input: Sleep Button as /devices/LNXSYSTM:00/LNXSLPBN:00/input/input1
[    0.636051] ACPI: Sleep Button [SLPF]
[    0.639146] ACPI: Battery Slot [BAT0] (battery present)
[    0.640967] Serial: 8250/16550 driver, 32 ports, IRQ sharing enabled
[    0.663666] 00:02: ttyS0 at I/O 0x3f8 (irq = 4, base_baud = 115200) is a 16550A
[    0.671145] Linux agpgart interface v0.103
[    0.674987] loop: module loaded
[    0.676930] scsi host0: ata_piix
[    0.678118] scsi host1: ata_piix
[    0.678999] ata1: PATA max UDMA/33 cmd 0x1f0 ctl 0x3f6 bmdma 0xd000 irq 14
[    0.680697] ata2: PATA max UDMA/33 cmd 0x170 ctl 0x376 bmdma 0xd008 irq 15
[    0.683145] libphy: Fixed MDIO Bus: probed
[    0.684037] tun: Universal TUN/TAP device driver, 1.6
[    0.685467] PPP generic driver version 2.4.2
[    0.686871] ehci_hcd: USB 2.0 'Enhanced' Host Controller (EHCI) Driver
[    0.689180] ehci-pci: EHCI PCI platform driver
[    0.690310] ehci-platform: EHCI generic platform driver
[    0.691752] ohci_hcd: USB 1.1 'Open' Host Controller (OHCI) Driver
[    0.693778] ohci-pci: OHCI PCI platform driver
[    0.694908] ohci-platform: OHCI generic platform driver
[    0.696090] uhci_hcd: USB Universal Host Controller Interface driver
[    0.697701] i8042: PNP: PS/2 Controller [PNP0303:PS2K,PNP0f03:PS2M] at 0x60,0x64 irq 1,12
[    0.700673] serio: i8042 KBD port at 0x60,0x64 irq 1
[    0.701996] serio: i8042 AUX port at 0x60,0x64 irq 12
[    0.703781] mousedev: PS/2 mouse device common for all mice
[    0.706547] input: AT Translated Set 2 keyboard as /devices/platform/i8042/serio0/input/input2
[    0.708761] rtc_cmos rtc_cmos: rtc core: registered rtc_cmos as rtc0
[    0.710674] rtc_cmos rtc_cmos: alarms up to one day, 114 bytes nvram
[    0.712590] i2c /dev entries driver
[    0.713367] device-mapper: uevent: version 1.0.3
[    0.714387] device-mapper: ioctl: 4.37.0-ioctl (2017-09-20) initialised: dm-devel@redhat.com
[    0.716153] ledtrig-cpu: registered to indicate activity on CPUs
[    0.718043] NET: Registered protocol family 10
[    0.722613] Segment Routing with IPv6
[    0.723688] NET: Registered protocol family 17
[    0.725369] Key type dns_resolver registered
[    0.726391] mce: Using 0 MCE banks
[    0.727533] RAS: Correctable Errors collector initialized.
[    0.728975] sched_clock: Marking stable (728909517, 0)->(909486163, -180576646)
[    0.731379] registered taskstats version 1
[    0.732283] Loading compiled-in X.509 certificates
[    0.735224] Loaded X.509 cert 'Build time autogenerated kernel key: d019e8c5f4cbc828f6af43369f65a014a3a68371'
[    0.737431] zswap: loaded using pool lzo/zbud
[    0.741964] Key type big_key registered
[    0.742865] Key type trusted registered
[    0.745172] Key type encrypted registered
[    0.746240] AppArmor: AppArmor sha1 policy hashing enabled
[    0.747284] ima: No TPM chip found, activating TPM-bypass! (rc=-19)
[    0.748681] ima: Allocated hash algorithm: sha1
[    0.749591] evm: HMAC attrs: 0x1
[    0.750555]   Magic number: 0:207:479
[    0.751402] rtc_cmos rtc_cmos: setting system clock to 2020-04-15 11:29:17 UTC (1586950157)
[    0.753743] BIOS EDD facility v0.16 2004-Jun-25, 0 devices found
[    0.755240] EDD information not available.
[    0.867293] Freeing unused kernel image memory: 2432K
[    0.880208] Write protecting the kernel read-only data: 20480k
[    0.882893] Freeing unused kernel image memory: 2008K
[    0.884465] Freeing unused kernel image memory: 1880K
[    0.892909] x86/mm: Checked W+X mappings: passed, no W+X pages found.
[    0.894882] x86/mm: Checking user space page tables
[    0.901833] x86/mm: Checked W+X mappings: passed, no W+X pages found.
Loading, please wait...
starting version 237
[    0.963707] Fusion MPT base driver 3.04.20
[    0.964674] Copyright (c) 1999-2008 LSI Corporation
[    0.976088] e1000: Intel(R) PRO/1000 Network Driver - version 7.3.21-k8-NAPI
[    0.977624] e1000: Copyright (c) 1999-2006 Intel Corporation.
[    0.980910] Fusion MPT SPI Host driver 3.04.20
[    0.994144] AVX2 version of gcm_enc/dec engaged.
[    0.995591] AES CTR mode by8 optimization enabled
[    1.186900] input: ImExPS/2 Generic Explorer Mouse as /devices/platform/i8042/serio1/input/input4
[    1.397310] e1000 0000:00:03.0 eth0: (PCI:33MHz:32-bit) 02:85:4f:0b:ef:e7
[    1.399143] e1000 0000:00:03.0 eth0: Intel(R) PRO/1000 Network Connection
[    1.401778] mptbase: ioc0: Initiating bringup
[    1.496656] ioc0: LSI53C1030 A0: Capabilities={Initiator}
[    1.740039] scsi host2: ioc0: LSI53C1030 A0, FwRev=00000000h, Ports=1, MaxQ=256, IRQ=20
[    1.909808] scsi 2:0:0:0: Direct-Access     VBOX     HARDDISK         1.0  PQ: 0 ANSI: 5
[    1.944275] scsi target2:0:0: Beginning Domain Validation
[    1.983285] scsi target2:0:0: Domain Validation skipping write tests
[    1.984713] scsi target2:0:0: Ending Domain Validation
[    1.991929] scsi target2:0:0: asynchronous
[    1.994084] scsi 2:0:1:0: Direct-Access     VBOX     HARDDISK         1.0  PQ: 0 ANSI: 5
[    2.288380] scsi target2:0:1: Beginning Domain Validation
[    2.290625] random: fast init done
[    2.291640] scsi target2:0:1: Domain Validation skipping write tests
[    2.292860] scsi target2:0:1: Ending Domain Validation
[    2.293873] scsi target2:0:1: asynchronous
[    2.298258] random: systemd-udevd: uninitialized urandom read (16 bytes read)
[    2.299939] random: systemd-udevd: uninitialized urandom read (16 bytes read)
[    2.301325] random: systemd-udevd: uninitialized urandom read (16 bytes read)
[    2.302893] sd 2:0:0:0: Attached scsi generic sg0 type 0
[    2.304421] sd 2:0:1:0: Attached scsi generic sg1 type 0
[    2.306461] sd 2:0:1:0: [sdb] 20480 512-byte logical blocks: (10.5 MB/10.0 MiB)
[    2.308238] sd 2:0:1:0: [sdb] Write Protect is off
[    2.309299] sd 2:0:1:0: [sdb] Incomplete mode parameter data
[    2.310764] sd 2:0:1:0: [sdb] Assuming drive cache: write through
[    2.313535] sd 2:0:1:0: [sdb] Attached SCSI disk
[    2.315230] sd 2:0:0:0: [sda] 20971520 512-byte logical blocks: (10.7 GB/10.0 GiB)
[    2.319229] sd 2:0:0:0: [sda] Write Protect is off
[    2.321353] e1000 0000:00:08.0 eth1: (PCI:33MHz:32-bit) 08:00:27:94:62:d7
[    2.323437] e1000 0000:00:08.0 eth1: Intel(R) PRO/1000 Network Connection
[    2.324192] sd 2:0:0:0: [sda] Incomplete mode parameter data
[    2.326347] sd 2:0:0:0: [sda] Assuming drive cache: write through
[    2.328855] e1000 0000:00:08.0 enp0s8: renamed from eth1
[    2.331258]  sda: sda1
[    2.332685] sd 2:0:0:0: [sda] Attached SCSI disk
[    2.344884] e1000 0000:00:03.0 enp0s3: renamed from eth0
Begin: Loading essential drivers ... [    3.752097] raid6: sse2x1   gen() 11231 MB/s
[    3.800553] raid6: sse2x1   xor()  8140 MB/s
[    3.848393] raid6: sse2x2   gen() 13362 MB/s
[    3.896521] raid6: sse2x2   xor()  9559 MB/s
[    3.944291] raid6: sse2x4   gen() 14454 MB/s
[    3.992356] raid6: sse2x4   xor()  8135 MB/s
[    4.040289] raid6: avx2x1   gen() 20976 MB/s
[    4.088045] raid6: avx2x1   xor() 15882 MB/s
[    4.136709] raid6: avx2x2   gen() 26643 MB/s
[    4.184045] raid6: avx2x2   xor() 17480 MB/s
[    4.238135] raid6: avx2x4   gen() 35126 MB/s
[    4.284480] raid6: avx2x4   xor() 20189 MB/s
[    4.285720] raid6: using algorithm avx2x4 gen() 35126 MB/s
[    4.287439] raid6: .... xor() 20189 MB/s, rmw enabled
[    4.288553] raid6: using avx2x2 recovery algorithm
[    4.290818] xor: automatically using best checksumming function   avx       
[    4.293375] async_tx: api initialized (async)
done.
Begin: Running /scripts/init-premount ... done.
Begin: Mounting root file system ... Begin: Running /scripts/local-top ... done.
Begin: Running /scripts/local-premount ... [    4.333306] Btrfs loaded, crc32c=crc32c-intel
Scanning for Btrfs filesystems
done.
Warning: fsck not present, so skipping root file system
[    4.358067] EXT4-fs (sda1): mounted filesystem with ordered data mode. Opts: (null)
done.
Begin: Running /scripts/local-bottom ... done.
Begin: Running /scripts/init-bottom ... done.
[    4.479848] ip_tables: (C) 2000-2006 Netfilter Core Team
[    4.485748] systemd[1]: systemd 237 running in system mode. (+PAM +AUDIT +SELINUX +IMA +APPARMOR +SMACK +SYSVINIT +UTMP +LIBCRYPTSETUP +GCRYPT +GNUTLS +ACL +XZ +LZ4 +SECCOMP +BLKID +ELFUTILS +KMOD -IDN2 +IDN -PCRE2 default-hierarchy=hybrid)
[    4.490070] systemd[1]: Detected virtualization oracle.
[    4.491149] systemd[1]: Detected architecture x86-64.

Welcome to [1mUbuntu 18.04.4 LTS[0m!

[    4.495870] systemd[1]: Set hostname to <ubuntu>.
[    4.499025] systemd[1]: Initializing machine ID from random generator.
[    4.500612] systemd[1]: Installed transient /etc/machine-id file.
[    4.710241] systemd[1]: Started Forward Password Requests to Wall Directory Watch.
[[0;32m  OK  [0m] Started Forward Password Requests to Wall Directory Watch.
[    4.714046] systemd[1]: Created slice System Slice.
[[0;32m  OK  [0m] Created slice System Slice.
[    4.715654] systemd[1]: Listening on udev Kernel Socket.
[[0;32m  OK  [0m] Listening on udev Kernel Socket.
[    4.717880] systemd[1]: Created slice system-serial\x2dgetty.slice.
[[0;32m  OK  [0m] Created slice system-serial\x2dgetty.slice.
[[0;32m  OK  [0m] Listening on LVM2 poll daemon socket.
[[0;32m  OK  [0m] Listening on Journal Socket.
         Starting Load Kernel Modules...
         Mounting POSIX Message Queue File System...
         Mounting Kernel Debug File System...
         Starting Set the console keyboard layout...
[[0;32m  OK  [0m] Listening on Network Service Netlink Socket.
[    4.740469] Loading iSCSI transport class v2.0-870.
[    4.745553] iscsi: registered transport (tcp)
[[0;32m  OK  [0m] Listening on Syslog Socket.
[[0;32m  OK  [0m] Set up automount Arbitrary Executab…rmats File System Automount Point.
[[0;32m  OK  [0m] Listening on LVM2 metadata daemon socket.
[[0;32m  OK  [0m] Listening on udev Control Socket.
[[0;32m  OK  [0m] Reached target User and Group Name Lookups.
         Starting udev Coldplug all Devices...
[[0;32m  OK  [0m] Created slice User and Session Slice.
[[0;32m  OK  [0m] Reached target Slices.
         Starting Remount Root and Kernel File Systems...
[[0;32m  OK  [0m] Listening on /dev/initctl Compatibility Named Pipe.
[[0;32m  OK  [0m] Reached target System Time Synchronized.
[[0;32m  OK  [0m] Reached target Swap.
         Starting Create list of required st…ce nodes for the current kernel...
         Starting Uncomplicated firewall...
         Mounting Huge Pages File System...
[[0;32m  OK  [0m] Listening on Device-mapper event daemon FIFOs.
         Starting Monitoring of LVM2 mirrors…ng dmeventd or progress polling...
[[0;32m  OK  [0m] Listening on Journal Socket (/dev/log).
[[0;32m  OK  [0m] Listening on Journal Audit Socket.
         Starting Journal Service...
[[0;32m  OK  [0m] Mounted POSIX Message Queue File System.
[[0;32m  OK  [0m] Mounted Kernel Debug File System.
[[0;32m  OK  [0m] Mounted Huge Pages File System.
[[0;32m  OK  [0m] Started Create list of required sta…vice nodes for the current kernel.
         Starting Create Static Device Nodes in /dev...
[[0;32m  OK  [0m] Started Uncomplicated firewall.
[[0;32m  OK  [0m] Started LVM2 metadata daemon.
[    5.154673] iscsi: registered transport (iser)
[[0;32m  OK  [0m] Started Load Kernel Modules.[    5.158427] EXT4-fs (sda1): re-mounted. Opts: (null)

[[0;32m  OK  [0m] Started Remount Root and Kernel File Systems.
         Starting Load/Save Random Seed...
         Mounting Kernel Configuration File System...
         Starting Apply Kernel Variables...
         Mounting FUSE Control File System...
[[0;32m  OK  [0m] Started Journal Service.
[[0;32m  OK  [0m] Started Create Static Device Nodes in /dev.
[[0;32m  OK  [0m] Started udev Coldplug all Devices.
[[0;32m  OK  [0m] Mounted Kernel Configuration File System.
[[0;32m  OK  [0m] Started Monitoring of LVM2 mirrors,…sing dmeventd or progress polling.
[[0;32m  OK  [0m] Started Load/Save Random Seed.
[[0;32m  OK  [0m] Started Apply Kernel Variables.
[[0;32m  OK  [0m] Mounted FUSE Control File System.
[[0;32m  OK  [0m] Started Set the console keyboard layout.
         Starting udev Kernel Device Manager...
[[0;32m  OK  [0m] Reached target Local File Systems (Pre).
[[0;32m  OK  [0m] Reached target Local File Systems.
         Starting ebtables ruleset management...
         Starting AppArmor initialization...
         Starting Tell Plymouth To Write Out Runtime Data...
         Starting Set console font and keymap...
         Starting Commit a transient machine-id on disk...
         Starting Flush Journal to Persistent Storage...
[[0;32m  OK  [0m] Started udev Kernel Device Manager.
[[0;32m  OK  [0m] Started Dispatch Password Requests to Console Directory Watch.
[[0;32m  OK  [0m] Reached target Local Encrypted Volumes.
[[0;32m  OK  [0m] Started Tell Plymouth To Write Out Runtime Data.
[[0;32m  OK  [0m] Started Set console font and keymap.
[[0;32m  OK  [0m] Started ebtables ruleset management.
[[0;32m  OK  [0m] Started Flush Journal to Persistent Storage.
[[0;32m  OK  [0m] Started Commit a transient machine-id on disk.
         Starting Create Volatile Files and Directories...
[[0;32m  OK  [0m] Started Create Volatile Files and Directories.
         Starting Update UTMP about System Boot/Shutdown...
[[0;32m  OK  [0m] Started Update UTMP about System Boot/Shutdown.
[[0;32m  OK  [0m] Found device /dev/ttyS0.
[[0;32m  OK  [0m] Listening on Load/Save RF Kill Switch Status /dev/rfkill Watch.
[[0;32m  OK  [0m] Started AppArmor initialization.
         Starting Initial cloud-init job (pre-networking)...
[    6.886457] cloud-init[556]: Cloud-init v. 19.4-33-gbb4131a2-0ubuntu1~18.04.1 running 'init-local' at Wed, 15 Apr 2020 11:29:23 +0000. Up 6.58 seconds.
[[0;32m  OK  [0m] Started Initial cloud-init job (pre-networking).
[[0;32m  OK  [0m] Reached target Network (Pre).
         Starting Network Service...
[[0;32m  OK  [0m] Started Network Service.
         Starting Wait for Network to be Configured...
         Starting Network Name Resolution...
[[0;32m  OK  [0m] Started Network Name Resolution.
[[0;32m  OK  [0m] Reached target Network.
[[0;32m  OK  [0m] Reached target Host and Network Name Lookups.
[[0;32m  OK  [0m] Started Wait for Network to be Configured.
         Starting Initial cloud-init job (metadata service crawler)...
[    9.397885] cloud-init[666]: Cloud-init v. 19.4-33-gbb4131a2-0ubuntu1~18.04.1 running 'init' at Wed, 15 Apr 2020 11:29:26 +0000. Up 9.27 seconds.
[    9.399314] cloud-init[666]: ci-info: ++++++++++++++++++++++++++++++++++++++Net device info+++++++++++++++++++++++++++++++++++++++
[    9.412252] cloud-init[666]: ci-info: +--------+-------+----------------------------+---------------+--------+-------------------+
[    9.424335] cloud-init[666]: ci-info: | Device |   Up  |          Address           |      Mask     | Scope  |     Hw-Address    |
[    9.440239] cloud-init[666]: ci-info: +--------+-------+----------------------------+---------------+--------+-------------------+
[    9.441354] cloud-init[666]: ci-info: | enp0s3 |  True |         10.0.2.15          | 255.255.255.0 | global | 02:85:4f:0b:ef:e7 |
[    9.442584] cloud-init[666]: ci-info: | enp0s3 |  True | fe80::85:4fff:fe0b:efe7/64 |       .       |  link  | 02:85:4f:0b:ef:e7 |
[    9.443690] cloud-init[666]: ci-info: | enp0s8 | False |             .              |       .       |   .    | 08:00:27:94:62:d7 |
[    9.445312] cloud-init[666]: ci-info: |   lo   |  True |         127.0.0.1          |   255.0.0.0   |  host  |         .         |
[    9.446546] cloud-init[666]: ci-info: |   lo   |  True |          ::1/128           |       .       |  host  |         .         |
[    9.460291] cloud-init[666]: ci-info: +--------+-------+----------------------------+---------------+--------+-------------------+
[    9.462263] cloud-init[666]: ci-info: ++++++++++++++++++++++++++++Route IPv4 info+++++++++++++++++++++++++++++
[    9.463675] cloud-init[666]: ci-info: +-------+-------------+----------+-----------------+-----------+-------+
[    9.465305] cloud-init[666]: ci-info: | Route | Destination | Gateway  |     Genmask     | Interface | Flags |
[    9.476294] cloud-init[666]: ci-info: +-------+-------------+----------+-----------------+-----------+-------+
[    9.477408] cloud-init[666]: ci-info: |   0   |   0.0.0.0   | 10.0.2.2 |     0.0.0.0     |   enp0s3  |   UG  |
[    9.488274] cloud-init[666]: ci-info: |   1   |   10.0.2.0  | 0.0.0.0  |  255.255.255.0  |   enp0s3  |   U   |
[    9.490005] cloud-init[666]: ci-info: |   2   |   10.0.2.2  | 0.0.0.0  | 255.255.255.255 |   enp0s3  |   UH  |
[    9.500275] cloud-init[666]: ci-info: +-------+-------------+----------+-----------------+-----------+-------+
[    9.502451] cloud-init[666]: ci-info: +++++++++++++++++++Route IPv6 info+++++++++++++++++++
[    9.504574] cloud-init[666]: ci-info: +-------+-------------+---------+-----------+-------+
[    9.506189] cloud-init[666]: ci-info: | Route | Destination | Gateway | Interface | Flags |
[    9.508032] cloud-init[666]: ci-info: +-------+-------------+---------+-----------+-------+
[    9.510052] cloud-init[666]: ci-info: |   1   |  fe80::/64  |    ::   |   enp0s3  |   U   |
[    9.512325] cloud-init[666]: ci-info: |   3   |    local    |    ::   |   enp0s3  |   U   |
[    9.514351] cloud-init[666]: ci-info: |   4   |   ff00::/8  |    ::   |   enp0s3  |   U   |
[    9.516283] cloud-init[666]: ci-info: +-------+-------------+---------+-----------+-------+
[    9.975372] cloud-init[666]: Generating public/private rsa key pair.
[    9.988475] cloud-init[666]: Your identification has been saved in /etc/ssh/ssh_host_rsa_key.
[   10.000706] cloud-init[666]: Your public key has been saved in /etc/ssh/ssh_host_rsa_key.pub.
[   10.001931] cloud-init[666]: The key fingerprint is:
[   10.012719] cloud-init[666]: SHA256:6elC8dVRI6nughgz07sc0DRVmksvk8ucWdRPXNx8GRg root@ubuntu-bionic
[   10.014613] cloud-init[666]: The key's randomart image is:
[[0;32m  OK  [0m] Started Initial cloud-init job (metadata service crawler).
[[0;32m  OK  [0m] Reached target Cloud-config availability.
[[0;32m  OK  [0m] Reached target Network is Online.
[   10.029903] cloud-init[666]: +---[RSA 2048]----+
[   10.041914] cloud-init[666]: |        ... .E=+=|
         Starting Availability of block devices...
[   10.042805] [[0;32m  OK  [0m] Reached target Remote File Systems (Pre).
[[0;32m  OK  [0m] Reached target Remote File Systems.
cloud-init[666]: |       . o .o+ +=|
[   10.048374] cloud-init[[0;32m  OK  [0m] Reached target System Initialization.
[[0;32m  OK  [0m] Started Discard unused blocks once a week.
[666]: |      o + .o..o .|
[   10.049964] [[0;32m  OK  [0m] Started Message of the Day.
[[0;32m  OK  [0m] Started ACPI Events Check.
[[0;32m  OK  [0m] Listening on UUID daemon activation socket.
[[0;32m  OK  [0m] Listening on D-Bus System Message Bus Socket.
cloud-init[666]: |     o.o *o .o   |
[[0;32m  OK  [0m] Listening on Open-iSCSI iscsid Socket.
[[0;32m  OK  [0m] Reached target Paths.
[   10.053181] cloud-init[666]:          Starting Socket activation for snappy daemon.
[[0;32m  OK  [0m] Started Daily Cleanup of Temporary Directories.
[[0;32m  OK  [0m] Started Daily apt download activities.
[[0;32m  OK  [0m] Started Daily apt upgrade and clean activities.
[[0;32m  OK  [0m] Reached target Timers.
[[0;32m  OK  [0m] Listening on ACPID Listen Socket.
|    ...oSoo   .  |         Starting LXD - unix socket.

[   10.062664] [[0;32m  OK  [0m] Started Availability of block devices.
[[0;32m  OK  [0m] Listening on Socket activation for snappy daemon.
cloud-init[666]: |    =.o+.O.      |
[   10.065827] cloud-init[666]: |     B.oO.       |
[   10.066641] cloud-init[666]: |    ..+o. .      |
[   10.067478] cloud-init[666]: |      oo..       |
[   10.068321] cloud-init[666]: +----[SHA256]-----+
[[0;32m  OK  [0m] Listening on LXD - unix socket.
[   10.084796] cloud-init[666]: Generating public/private dsa key pair.
[[0;32m  OK  [0m] Reached target Sockets.
[[0;32m  OK  [0m] Reached target Basic System.
[   10.085511] cloud-init[666]: Your identification has been saved in /etc/ssh/ssh_host_dsa_key.
         Starting LSB: automatic crash report generation...
[   10.112447] cloud-init[666]: Your public key has been saved in /etc/ssh/ssh_host_dsa_key.pub.
[   10.128648]          Starting LSB: Record successful boot for GRUB...
cloud-init[666]: The key fingerprint is:
         Starting System Logging Service...
[[0;32m  OK  [0m] Started D-Bus System Message Bus.
[   10.131398] cloud-init[666]: SHA256:RK4VRZMdcUA/c/UDhOxWpDQkF+sk5cQq1cdbemYfp2s root@ubuntu-bionic
[   10.153193] cloud-init[666]: The key's randomart image is:
[   10.154011] cloud-init[666]: +---[DSA 1024]----+
[   10.155175] cloud-init[666]: |        o+O%@B. .|
[   10.156434] cloud-init[666]: |       o oO*=*..o|
[   10.157534] cloud-init[666]: |        =.o=o B.o|
[   10.158571] cloud-init[666]: |       = .+o o Oo|
         Starting LXD - container startup/shutdown...
[   10.161160]          Starting Permit User Sessions...
cloud-init         Starting Login Service...
[666]: |      . S ..  +.+|
[   10.173202] cloud-init[666]: |              . .|
[   10.176542] cloud-init[666]: |               . |
[   10.177622] cloud-init[666]: |              E  |
[   10.192353] cloud-init[666]: |             .   |
[[0;32m  OK  [0m] Started Regular background program processing daemon.
[   10.212627] cloud-init[666]: +----[SHA256]-----+
[   10.240749] cloud-init[666]: Generating public/private ecdsa key pair.
[   10.241735] cloud-init[666]: Your identification has been saved in /etc/ssh/ssh_host_ecdsa_key.
[   10.242874]          Starting Snappy daemon...
         Starting Dispatcher daemon for systemd-networkd...
[[0;32m  OK  [0m] Started Deferred execution scheduler.
         Starting Virtualbox guest utils...
[[0;32m  OK  [0m] Started FUSE filesystem for LXC.
         Starting Accounts Service...
cloud-init[666]: Your public key has been saved in /etc/ssh/ssh_host_ecdsa_key.pub.
[   10.251253] cloud-init[666]: The key fingerprint is:
[[0;32m  OK  [0m] Started irqbalance daemon.
[   10.266270] cloud-init[666]: SHA256:594cK1Wp4+Z6gLVUXwQmGBUiHO3uvo/v6f50JeP7+RU root@ubuntu-bionic
[   10.280161] cloud-init[666]: The key's randomart image is:
[   10.281201] cloud-init[666]: +---[ECDSA 256]---+
[   10.282062] cloud-init[666]: |       .ooo++.oo.|
[   10.292883] cloud-init[666]: |        ..o..o  .|
[   10.304283] cloud-init[666]: |         . . . o |
[   10.305427] cloud-init[666]: |          +   +  |
[   10.305982] cloud-init[666]: |        S=.. ooE.|
[   10.306695] cloud-init[666]: |        .o+ +. oo|
[   10.308421] cloud-init[666]: |         ..+..o o|
[   10.308860] cloud-init[666]: |         .o++= oo|
[   10.309369] cloud-init[666]: |         .*&%.oo+|
[   10.309951] cloud-init[666]: +----[SHA256]-----+
[   10.311098] cloud-init[666]: Generating public/private ed25519 key pair.
[   10.311969] cloud-init[666]: Your identification has been saved in /etc/ssh/ssh_host_ed25519_key.
[   10.313166] cloud-init[666]: Your public key has been saved in /etc/ssh/ssh_host_ed25519_key.pub.
[   10.314573] cloud-init[666]: The key fingerprint is:
[   10.315441] cloud-init[666]: SHA256:N1Tphd5/wm3fhubU/wX/Lg7jt6OHwDX6xKGqzGx515w root@ubuntu-bionic
[   10.330673] cloud-init[666]: The key's randomart image is:
[   10.331253] cloud-init[666]: +--[ED25519 256]--+
[   10.331708] cloud-init[666]: |            .o   |
         Starting Pollinate to seed the pseudo random number generator...
[[0;32m  OK  [0m] Started System Logging Service.
[[0;32m  OK  [0m] Started LXD - container startup/shutdown.
[   10.346110] cloud-init[666]: |           .o .  |
[[0;32m  OK  [0m] Started Permit User Sessions.
[[0;32m  OK  [0m] Started Login Service.
[   10.386435] cloud-init[666]: |          .o o   |
[   10.406565] cloud-init[666]: |         .  * .  |
[   10.420558] cloud-init[666]: |        S.o= +.o |
[   10.436501] cloud-init[666]: |         .=.o o+=|
         Starting Authorization Manager...
[   10.448486] cloud-init[666]: |       . . *oo.+B|
[[0;32m  OK  [0m] Started Unattended Upgrades Shutdown.
[   10.464295] cloud-init[666]: |     +o o ..E+B B|
         Starting Terminate Plymouth Boot Screen...
[   10.466651] cloud-init[666]: |     .=o .  oB+**|
         Starting Hold until boot process finishes up...
[   10.492405] cloud-init[666]: +----[SHA256]-----+
[[0;32m  OK  [0m] Started Terminate Plymouth Boot Screen.
[[0;32m  OK  [0m] Started Hold until boot process finishes up.
         Starting Set console scheme...
[[0;32m  OK  [0m] Started Serial Getty on ttyS0.
[[0;32m  OK  [0m] Started Dispatcher daemon for systemd-networkd.
[[0;32m  OK  [0m] Started Set console scheme.
[[0;32m  OK  [0m] Created slice system-getty.slice.
[[0;32m  OK  [0m] Started Getty on tty1.
[[0;32m  OK  [0m] Reached target Login Prompts.
[[0;32m  OK  [0m] Started LSB: automatic crash report generation.
[[0;32m  OK  [0m] Started Virtualbox guest utils.
[[0;32m  OK  [0m] Started LSB: Record successful boot for GRUB.
[[0;32m  OK  [0m] Started Authorization Manager.
[[0;32m  OK  [0m] Started Accounts Service.
[[0;32m  OK  [0m] Started Snappy daemon.
         Starting Wait until snapd is fully seeded...
[[0;32m  OK  [0m] Started Wait until snapd is fully seeded.
         Starting Apply the settings specified in cloud-config...
[   12.706456] cloud-init[1174]: Cloud-init v. 19.4-33-gbb4131a2-0ubuntu1~18.04.1 running 'modules:config' at Wed, 15 Apr 2020 11:29:29 +0000. Up 12.38 seconds.
[[0;32m  OK  [0m] Started Apply the settings specified in cloud-config.

Ubuntu 18.04.4 LTS ubuntu-bionic ttyS0

ubuntu-bionic login: ci-info: no authorized SSH keys fingerprints found for user ubuntu.
<14>Apr 15 11:29:33 ec2: 
<14>Apr 15 11:29:33 ec2: #############################################################
<14>Apr 15 11:29:33 ec2: -----BEGIN SSH HOST KEY FINGERPRINTS-----
<14>Apr 15 11:29:33 ec2: 1024 SHA256:RK4VRZMdcUA/c/UDhOxWpDQkF+sk5cQq1cdbemYfp2s root@ubuntu-bionic (DSA)
<14>Apr 15 11:29:33 ec2: 256 SHA256:594cK1Wp4+Z6gLVUXwQmGBUiHO3uvo/v6f50JeP7+RU root@ubuntu-bionic (ECDSA)
<14>Apr 15 11:29:33 ec2: 256 SHA256:N1Tphd5/wm3fhubU/wX/Lg7jt6OHwDX6xKGqzGx515w root@ubuntu-bionic (ED25519)
<14>Apr 15 11:29:33 ec2: 2048 SHA256:6elC8dVRI6nughgz07sc0DRVmksvk8ucWdRPXNx8GRg root@ubuntu-bionic (RSA)
<14>Apr 15 11:29:33 ec2: -----END SSH HOST KEY FINGERPRINTS-----
<14>Apr 15 11:29:33 ec2: #############################################################
-----BEGIN SSH HOST KEY KEYS-----
ecdsa-sha2-nistp256 AAAAE2VjZHNhLXNoYTItbmlzdHAyNTYAAAAIbmlzdHAyNTYAAABBBCe1NjZo9ERdUhbj0LmLgiwm2fBJsqHmIQD9cDd7bI53rgevR1PIh+oeV0xYarpJzdPbIi3CuvF/b/kKGLzCbMM= root@ubuntu-bionic
ssh-ed25519 AAAAC3NzaC1lZDI1NTE5AAAAICexU1o3QFec+S1ttirUkQAoz76ZGe8L3e+5g8wxmZiB root@ubuntu-bionic
ssh-rsa AAAAB3NzaC1yc2EAAAADAQABAAABAQDRlSPx1IGnYu46Azki84kwHBuYMzSf0tqlE/6FIXSplYK3KkczxVo413FJf/UUtmF7yW4wvqOdEossiEVWw/m8vBVZizY7XF9pmDNR55lIrJP/Ysy80XqOJqLM9H4DtkjeCLnZx8hEmOZ+Am5mmB5Sy57E6IuScKtsSuKjK4Wv5Shk57Dv3lmwbL+1XeuZiFp/WlUUmeMBQ+mVBveDa7luFV53fkw0ub9HDjj34Kgh3BBFMNU91u1kJn4g1Kmk7MOUfoUj9EPwr79MmxLxNaJ9AB8JtcCohUIHSsDwIoPMmNXkyhdkQ6OCc9EWSuHH6y3wsovAyj5YD43WAjJtNLKn root@ubuntu-bionic
-----END SSH HOST KEY KEYS-----
[   17.200550] cloud-init[1274]: Cloud-init v. 19.4-33-gbb4131a2-0ubuntu1~18.04.1 running 'modules:final' at Wed, 15 Apr 2020 11:29:33 +0000. Up 17.04 seconds.
[   17.201077] cloud-init[1274]: ci-info: no authorized SSH keys fingerprints found for user ubuntu.
[   17.201257] cloud-init[1274]: Cloud-init v. 19.4-33-gbb4131a2-0ubuntu1~18.04.1 finished at Wed, 15 Apr 2020 11:29:33 +0000. Datasource DataSourceNoCloud [seed=/dev/sdb][dsmode=net].  Up 17.19 seconds
